Arguments: 
  /usr/bin/node /usr/share/yarn/bin/yarn.js add vue-snap@next // or npm install vue-snap@next

PATH: 
  /home/xspynks/.rbenv/plugins/ruby-build/bin:/home/xspynks/.rbenv/shims:/home/xspynks/.rbenv/bin:/home/xspynks/.rbenv/plugins/ruby-build/bin:/home/xspynks/.rbenv/shims:/home/xspynks/.rbenv/bin:/usr/local/sbin:/usr/local/bin:/usr/sbin:/usr/bin:/sbin:/bin:/usr/games:/usr/local/games:/snap/bin

Yarn version: 
  1.22.17

Node version: 
  16.14.0

Platform: 
  linux x64

Trace: 
  Error: EACCES: permission denied, scandir '/lost+found'

npm manifest: 
  {
    "dependencies": {
      "vue": "^3.2.31"
    }
  }

yarn manifest: 
  No manifest

Lockfile: 
  No lockfile
